[debug] [2026-01-10T22:20:54.829Z] ----------------------------------------------------------------------
[debug] [2026-01-10T22:20:54.834Z] Command:       /Users/mac/.nvm/versions/node/v23.7.0/bin/node /Users/mac/.nvm/versions/node/v23.7.0/bin/firebase init functions
[debug] [2026-01-10T22:20:54.835Z] CLI Version:   14.9.0
[debug] [2026-01-10T22:20:54.835Z] Platform:      darwin
[debug] [2026-01-10T22:20:54.835Z] Node Version:  v23.7.0
[debug] [2026-01-10T22:20:54.835Z] Time:          Sun Jan 11 2026 03:20:54 GMT+0500 (Pakistan Standard Time)
[debug] [2026-01-10T22:20:54.835Z] ----------------------------------------------------------------------
[debug] 
[debug] [2026-01-10T22:20:54.836Z] >>> [apiv2][query] GET https://firebase-public.firebaseio.com/cli.json [none]
[debug] [2026-01-10T22:20:54.895Z] > command requires scopes: ["email","openid","https://www.googleapis.com/auth/cloudplatformprojects.readonly","https://www.googleapis.com/auth/firebase","https://www.googleapis.com/auth/cloud-platform"]
[debug] [2026-01-10T22:20:54.896Z] > authorizing via signed-in user (hammadaslam78612@gmail.com)
[info] 
     ######## #### ########  ######## ########     ###     ######  ########
     ##        ##  ##     ## ##       ##     ##  ##   ##  ##       ##
     ######    ##  ########  ######   ########  #########  ######  ######
     ##        ##  ##    ##  ##       ##     ## ##     ##       ## ##
     ##       #### ##     ## ######## ########  ##     ##  ######  ########

You're about to initialize a Firebase project in this directory:

  /Users/mac/React-native/Yaaripay

[info] 
=== Project Setup
[info] 
[info] First, let's associate this project directory with a Firebase project.
[info] You can create multiple project aliases by running firebase use --add, 
[info] but for now we'll just set up a default project.
[info] 
[debug] [2026-01-10T22:20:55.561Z] <<< [apiv2][status] GET https://firebase-public.firebaseio.com/cli.json 200
[debug] [2026-01-10T22:20:55.561Z] <<< [apiv2][body] GET https://firebase-public.firebaseio.com/cli.json {"cloudBuildErrorAfter":1594252800000,"cloudBuildWarnAfter":1590019200000,"defaultNode10After":1594252800000,"minVersion":"3.0.5","node8DeploysDisabledAfter":1613390400000,"node8RuntimeDisabledAfter":1615809600000,"node8WarnAfter":1600128000000}
[debug] [2026-01-10T22:46:27.991Z] ExitPromptError: User force closed the prompt with SIGINT
    at Interface.sigint (/Users/mac/.nvm/versions/node/v23.7.0/lib/node_modules/firebase-tools/node_modules/@inquirer/core/dist/commonjs/lib/create-prompt.js:101:37)
    at Interface.emit (node:events:507:28)
    at Interface.emit (node:domain:489:12)
    at [_ttyWrite] [as _ttyWrite] (node:internal/readline/interface:1125:18)
    at ReadStream.onkeypress (node:internal/readline/interface:264:20)
    at ReadStream.emit (node:events:519:35)
    at ReadStream.emit (node:domain:489:12)
    at emitKeys (node:internal/readline/utils:370:14)
    at emitKeys.next (<anonymous>)
    at ReadStream.onData (node:internal/readline/emitKeypressEvents:64:36)
[error] 
[error] Error: An unexpected error has occurred.
